  BankProjectInOOP(course 11 ).cpp
C:\New folder\MyCppLib\clsDate.h(80,27): warning C4267: '=': conversion from 'size_t' to 'short', possible loss of data
  (compiling source file 'BankProjectInOOP(course%2011%20).cpp')
  
C:\New folder\MyCppLib\clsDate.h(543,9): warning C4101: 'dayOrder': unreferenced local variable
  (compiling source file 'BankProjectInOOP(course%2011%20).cpp')
  
C:\New folder\MyCppLib\clsDate.h(563,9): warning C4101: 'dayOrder': unreferenced local variable
  (compiling source file 'BankProjectInOOP(course%2011%20).cpp')
  
C:\New folder\MyCppLib\clsString.h(28,13): warning C4267: 'initializing': conversion from 'size_t' to 'short', possible loss of data
  (compiling source file 'BankProjectInOOP(course%2011%20).cpp')
  
C:\New folder\MyCppLib\clsString.h(50,13): warning C4267: 'initializing': conversion from 'size_t' to 'short', possible loss of data
  (compiling source file 'BankProjectInOOP(course%2011%20).cpp')
  
C:\New folder\MyCppLib\clsString.h(165,26): warning C4267: '=': conversion from 'size_t' to 'short', possible loss of data
  (compiling source file 'BankProjectInOOP(course%2011%20).cpp')
  
C:\New folder\MyCppLib\clsString.h(185,23): warning C4267: 'return': conversion from 'size_t' to 'short', possible loss of data
  (compiling source file 'BankProjectInOOP(course%2011%20).cpp')
  
C:\New folder\MyCppLib\clsString.h(234,27): warning C4267: '=': conversion from 'size_t' to 'short', possible loss of data
  (compiling source file 'BankProjectInOOP(course%2011%20).cpp')
  
C:\New folder\MyCppLib\clsString.h(255,25): warning C4267: '=': conversion from 'size_t' to 'short', possible loss of data
  (compiling source file 'BankProjectInOOP(course%2011%20).cpp')
  
C:\New folder\MyCppLib\clsString.h(286,14): warning C4267: 'initializing': conversion from 'size_t' to 'int', possible loss of data
  (compiling source file 'BankProjectInOOP(course%2011%20).cpp')
  
C:\New folder\MyCppLib\clsString.h(325,14): warning C4267: 'initializing': conversion from 'size_t' to 'int', possible loss of data
  (compiling source file 'BankProjectInOOP(course%2011%20).cpp')
  
C:\Users\PC\Desktop\Bank-project\Bank-system-oop\BankProjectInOOP(course 11 )\clsUser.h(13,16): warning C4091: 'static ': ignored on left of 'clsUser::LoginInfo' when no variable is declared
  (compiling source file 'BankProjectInOOP(course%2011%20).cpp')
  
C:\Users\PC\Desktop\Bank-project\Bank-system-oop\BankProjectInOOP(course 11 )\clsUser.h(248,14): warning C4091: 'static ': ignored on left of 'clsUser::enSaveResults' when no variable is declared
  (compiling source file 'BankProjectInOOP(course%2011%20).cpp')
  
C:\Users\PC\Desktop\Bank-project\Bank-system-oop\BankProjectInOOP(course 11 )\clsBankClient.h(255,14): warning C4091: 'static ': ignored on left of 'clsBankClient::enSaveResults' when no variable is declared
  (compiling source file 'BankProjectInOOP(course%2011%20).cpp')
  
C:\Users\PC\Desktop\Bank-project\Bank-system-oop\BankProjectInOOP(course 11 )\clsBankClient.h(312,22): warning C4244: '+=': conversion from 'double' to 'float', possible loss of data
  (compiling source file 'BankProjectInOOP(course%2011%20).cpp')
  
C:\Users\PC\Desktop\Bank-project\Bank-system-oop\BankProjectInOOP(course 11 )\clsBankClient.h(320,23): warning C4244: '-=': conversion from 'double' to 'float', possible loss of data
  (compiling source file 'BankProjectInOOP(course%2011%20).cpp')
  
C:\Users\PC\Desktop\Bank-project\Bank-system-oop\BankProjectInOOP(course 11 )\clsBankClient.h(329,22): warning C4244: 'argument': conversion from 'double' to 'int', possible loss of data
  (compiling source file 'BankProjectInOOP(course%2011%20).cpp')
  
C:\Users\PC\Desktop\Bank-project\Bank-system-oop\BankProjectInOOP(course 11 )\clsAddNewScreen.h(26,33): warning C4244: 'argument': conversion from 'double' to 'float', possible loss of data
  (compiling source file 'BankProjectInOOP(course%2011%20).cpp')
  
C:\Users\PC\Desktop\Bank-project\Bank-system-oop\BankProjectInOOP(course 11 )\clsUpdateClientScreen.h(24,33): warning C4244: 'argument': conversion from 'double' to 'float', possible loss of data
  (compiling source file 'BankProjectInOOP(course%2011%20).cpp')
  
C:\Users\PC\Desktop\Bank-project\Bank-system-oop\BankProjectInOOP(course 11 )\clsTotalBlanacesScreen.h(45,17): warning C4129: 'T': unrecognized character escape sequence
  (compiling source file 'BankProjectInOOP(course%2011%20).cpp')
  
C:\Users\PC\Desktop\Bank-project\Bank-system-oop\BankProjectInOOP(course 11 )\clsManageUserScreen.h(34,14): warning C4091: 'static ': ignored on left of 'clsManageUserScreen::enManageUserOption' when no variable is declared
  (compiling source file 'BankProjectInOOP(course%2011%20).cpp')
  
C:\Users\PC\Desktop\Bank-project\Bank-system-oop\BankProjectInOOP(course 11 )\clsCurrency.h(50,32): warning C4244: 'argument': conversion from 'float' to '_Elem', possible loss of data
C:\Users\PC\Desktop\Bank-project\Bank-system-oop\BankProjectInOOP(course 11 )\clsCurrency.h(50,32): warning C4244:         with
C:\Users\PC\Desktop\Bank-project\Bank-system-oop\BankProjectInOOP(course 11 )\clsCurrency.h(50,32): warning C4244:         [
C:\Users\PC\Desktop\Bank-project\Bank-system-oop\BankProjectInOOP(course 11 )\clsCurrency.h(50,32): warning C4244:             _Elem=char
C:\Users\PC\Desktop\Bank-project\Bank-system-oop\BankProjectInOOP(course 11 )\clsCurrency.h(50,32): warning C4244:         ]
  (compiling source file 'BankProjectInOOP(course%2011%20).cpp')
  
C:\Users\PC\Desktop\Bank-project\Bank-system-oop\BankProjectInOOP(course 11 )\clsBankClient.h(275,1): warning C4715: 'clsBankClient::Save': not all control paths return a value
  BankProjectInOOP(course 11 ).vcxproj -> C:\Users\PC\Desktop\Bank-project\Bank-system-oop\x64\Debug\BankProjectInOOP(course 11 ).exe
